<?xml version="1.0" encoding="UTF-8"?>
<testsuite name="TestNullableTypes" tests="5" skipped="0" failures="0" errors="0" timestamp="2023-02-07T15:55:57" hostname="Preetis-MacBook-Air.local" time="0.003">
  <properties/>
  <testcase name="everythingIsOk" classname="TestNullableTypes" time="0.002"/>
  <testcase name="noClient" classname="TestNullableTypes" time="0.0"/>
  <testcase name="noMessage" classname="TestNullableTypes" time="0.0"/>
  <testcase name="noPersonalInfo" classname="TestNullableTypes" time="0.0"/>
  <testcase name="noEmail" classname="TestNullableTypes" time="0.0"/>
  <system-out><![CDATA[]]></system-out>
  <system-err><![CDATA[]]></system-err>
</testsuite>
