<?xml version="1.0" encoding="UTF-8"?>
<testsuite name="TestStart" tests="1" skipped="0" failures="0" errors="0" timestamp="2023-02-07T12:55:58" hostname="Preetis-MacBook-Air.local" time="0.001">
  <properties/>
  <testcase name="testOk" classname="TestStart" time="0.001"/>
  <system-out><![CDATA[]]></system-out>
  <system-err><![CDATA[]]></system-err>
</testsuite>
