<?xml version="1.0" encoding="UTF-8"?>
<testsuite name="TestNamedArguments" tests="1" skipped="0" failures="0" errors="0" timestamp="2023-02-07T13:20:55" hostname="Preetis-MacBook-Air.local" time="0.011">
  <properties/>
  <testcase name="testJoinToString" classname="TestNamedArguments" time="0.011"/>
  <system-out><![CDATA[]]></system-out>
  <system-err><![CDATA[]]></system-err>
</testsuite>
